<?xml version="1.0" encoding="UTF-8"?>
<!-- Generated by org.testng.reporters.JUnitReportReporter -->
<testsuite hostname="Krishna" failures="0" tests="3" name="training.testng.NewTest" time="0.010" errors="0" timestamp="2022-08-14T11:59:26 IST" skipped="0">
  <testcase classname="training.testng.NewTest" name="firstTest" time="0.006"/>
  <system-out/>
  <testcase classname="training.testng.NewTest" name="secondTest" time="0.002"/>
  <system-out/>
  <testcase classname="training.testng.NewTest" name="thirdTest" time="0.002"/>
  <system-out/>
</testsuite> <!-- training.testng.NewTest -->
