<?xml version="1.0" encoding="UTF-8"?>
<!-- Generated by org.testng.reporters.JUnitReportReporter -->
<testsuite hostname="Krishna" failures="0" tests="3" name="training.testng.SecondTest" time="0.004" errors="0" timestamp="2022-08-14T11:59:26 IST" skipped="0">
  <testcase classname="training.testng.SecondTest" name="testTwo" time="0.001"/>
  <system-out/>
  <testcase classname="training.testng.SecondTest" name="thirdThree" time="0.002"/>
  <system-out/>
  <testcase classname="training.testng.SecondTest" name="testOne" time="0.001"/>
  <system-out/>
</testsuite> <!-- training.testng.SecondTest -->
