<?xml version="1.0" encoding="UTF-8"?>
<!-- Generated by org.testng.reporters.JUnitReportReporter -->
<testsuite hostname="Krishna" failures="0" tests="3" name="training.testng.NewTest" time="0.009" errors="0" timestamp="2022-08-14T12:04:10 IST" skipped="0">
  <testcase classname="training.testng.NewTest" name="firstTest" time="0.005"/>
  <system-out/>
  <testcase classname="training.testng.NewTest" name="secondTest" time="0.001"/>
  <system-out/>
  <testcase classname="training.testng.NewTest" name="thirdTest" time="0.003"/>
  <system-out/>
</testsuite> <!-- training.testng.NewTest -->
