<?xml version="1.0" encoding="UTF-8"?>
<!-- Generated by org.testng.reporters.JUnitReportReporter -->
<testsuite hostname="Krishna" failures="0" tests="1" name="training.testng.LoginTest" time="0.010" errors="0" timestamp="2022-08-14T12:31:46 IST" skipped="0">
  <testcase classname="training.testng.LoginTest" name="login" time="0.010"/>
  <system-out/>
</testsuite> <!-- training.testng.LoginTest -->
