<?xml version="1.0" encoding="UTF-8"?>
<!-- Generated by org.testng.reporters.JUnitReportReporter -->
<testsuite hostname="Krishna" failures="0" tests="3" name="training.testng.ThirdTest" time="0.003" errors="0" timestamp="2022-08-14T12:03:41 IST" skipped="0">
  <testcase classname="training.testng.ThirdTest" name="testTwo" time="0.000"/>
  <system-out/>
  <testcase classname="training.testng.ThirdTest" name="thirdThree" time="0.002"/>
  <system-out/>
  <testcase classname="training.testng.ThirdTest" name="testOne" time="0.001"/>
  <system-out/>
</testsuite> <!-- training.testng.ThirdTest -->
